<?xml version="1.0" encoding="UTF-8"?>
<!-- Generated by org.testng.reporters.JUnitReportReporter -->
<testsuite skipped="0" hostname="DESKTOP-KVS4D73" name="test1.TestNG_Demo2" tests="1" failures="0" timestamp="08 Sep 2020 04:22:12 GMT" time="5.068" errors="0">
  <testcase name="googleSearch1" time="5.068" classname="test1.TestNG_Demo2"/>
</testsuite> <!-- test1.TestNG_Demo2 -->
