<?xml version="1.0" encoding="UTF-8"?>
<!-- Generated by org.testng.reporters.JUnitReportReporter -->
<testsuite skipped="0" hostname="DESKTOP-KVS4D73" name="test1.ExtentReportDemoWithTestNG" tests="2" failures="0" timestamp="08 Sep 2020 14:40:08 GMT" time="6.480" errors="0">
  <testcase name="test" time="6.476" classname="test1.ExtentReportDemoWithTestNG"/>
  <testcase name="test1" time="0.004" classname="test1.ExtentReportDemoWithTestNG"/>
</testsuite> <!-- test1.ExtentReportDemoWithTestNG -->
